2025-05-13 17:27:48 [background-preinit] INFO  o.h.validator.internal.util.Version - HV000001: Hibernate Validator 8.0.2.Final
2025-05-13 17:27:48 [restartedMain] INFO  c.e.e.EmployeeAndDepartmentManagementApplication - Starting EmployeeAndDepartmentManagementApplication using Java 23.0.2 with PID 22668 (C:\Users\HP\Desktop\training\employee_and_department_management\target\classes started by HP in C:\Users\HP\Desktop\training\employee_and_department_management)
2025-05-13 17:27:48 [restartedMain] DEBUG c.e.e.EmployeeAndDepartmentManagementApplication - Running with Spring Boot v3.4.5, Spring v6.2.6
2025-05-13 17:27:48 [restartedMain] INFO  c.e.e.EmployeeAndDepartmentManagementApplication - The following 1 profile is active: "dev"
2025-05-13 17:27:48 [restartedMain] INFO  o.s.b.d.e.DevToolsPropertyDefaultsPostProcessor - Devtools property defaults active! Set 'spring.devtools.add-properties' to 'false' to disable
2025-05-13 17:27:48 [restartedMain] INFO  o.s.b.d.e.DevToolsPropertyDefaultsPostProcessor - For additional web related logging consider setting the 'logging.level.web' property to 'DEBUG'
2025-05-13 17:27:49 [restartedMain] INFO  o.s.d.r.c.RepositoryConfigurationDelegate - Bootstrapping Spring Data JPA repositories in DEFAULT mode.
2025-05-13 17:27:49 [restartedMain] INFO  o.s.d.r.c.RepositoryConfigurationDelegate - Finished Spring Data repository scanning in 34 ms. Found 2 JPA repository interfaces.
2025-05-13 17:27:50 [restartedMain] INFO  o.s.b.w.e.tomcat.TomcatWebServer - Tomcat initialized with port 8080 (http)
2025-05-13 17:27:50 [restartedMain] INFO  o.a.coyote.http11.Http11NioProtocol - Initializing ProtocolHandler ["http-nio-8080"]
2025-05-13 17:27:50 [restartedMain] INFO  o.a.catalina.core.StandardService - Starting service [Tomcat]
2025-05-13 17:27:50 [restartedMain] INFO  o.a.catalina.core.StandardEngine - Starting Servlet engine: [Apache Tomcat/10.1.40]
2025-05-13 17:27:50 [restartedMain] INFO  o.a.c.c.C.[Tomcat].[localhost].[/] - Initializing Spring embedded WebApplicationContext
2025-05-13 17:27:50 [restartedMain] INFO  o.s.b.w.s.c.ServletWebServerApplicationContext - Root WebApplicationContext: initialization completed in 1576 ms
2025-05-13 17:27:50 [restartedMain] DEBUG c.e.e.CustomFilter.Filter - Filter 'filter' configured for use
2025-05-13 17:27:50 [restartedMain] INFO  com.zaxxer.hikari.HikariDataSource - HikariPool-1 - Starting...
2025-05-13 17:27:50 [restartedMain] INFO  com.zaxxer.hikari.pool.HikariPool - HikariPool-1 - Added connection conn0: url=jdbc:h2:mem:test_db user=SA
2025-05-13 17:27:50 [restartedMain] INFO  com.zaxxer.hikari.HikariDataSource - HikariPool-1 - Start completed.
2025-05-13 17:27:50 [restartedMain] INFO  o.h.jpa.internal.util.LogHelper - HHH000204: Processing PersistenceUnitInfo [name: default]
2025-05-13 17:27:50 [restartedMain] INFO  org.hibernate.Version - HHH000412: Hibernate ORM core version 6.6.13.Final
2025-05-13 17:27:50 [restartedMain] INFO  o.h.c.i.RegionFactoryInitiator - HHH000026: Second-level cache disabled
2025-05-13 17:27:51 [restartedMain] INFO  o.s.o.j.p.SpringPersistenceUnitInfo - No LoadTimeWeaver setup: ignoring JPA class transformer
2025-05-13 17:27:51 [restartedMain] WARN  org.hibernate.orm.deprecation - HHH90000025: H2Dialect does not need to be specified explicitly using 'hibernate.dialect' (remove the property setting and it will be selected by default)
2025-05-13 17:27:51 [restartedMain] INFO  o.hibernate.orm.connections.pooling - HHH10001005: Database info:
	Database JDBC URL [Connecting through datasource 'HikariDataSource (HikariPool-1)']
	Database driver: undefined/unknown
	Database version: 2.3.232
	Autocommit mode: undefined/unknown
	Isolation level: undefined/unknown
	Minimum pool size: undefined/unknown
	Maximum pool size: undefined/unknown
2025-05-13 17:27:52 [restartedMain] INFO  o.h.e.t.j.p.i.JtaPlatformInitiator - HHH000489: No JTA platform available (set 'hibernate.transaction.jta.platform' to enable JTA platform integration)
2025-05-13 17:27:52 [restartedMain] INFO  o.s.o.j.LocalContainerEntityManagerFactoryBean - Initialized JPA EntityManagerFactory for persistence unit 'default'
2025-05-13 17:27:52 [restartedMain] INFO  o.s.d.j.r.query.QueryEnhancerFactory - Hibernate is in classpath; If applicable, HQL parser will be used.
2025-05-13 17:27:53 [restartedMain] WARN  o.s.b.a.o.j.JpaBaseConfiguration$JpaWebConfiguration - spring.jpa.open-in-view is enabled by default. Therefore, database queries may be performed during view rendering. Explicitly configure spring.jpa.open-in-view to disable this warning
2025-05-13 17:27:53 [restartedMain] INFO  o.s.s.c.a.a.c.InitializeUserDetailsBeanManagerConfigurer$InitializeUserDetailsManagerConfigurer - Global AuthenticationManager configured with UserDetailsService bean with name userDetailsService
2025-05-13 17:27:53 [restartedMain] INFO  o.s.b.a.h.H2ConsoleAutoConfiguration - H2 console available at '/h2-console'. Database available at 'jdbc:h2:mem:test_db'
2025-05-13 17:27:53 [restartedMain] INFO  o.s.b.d.a.OptionalLiveReloadServer - LiveReload server is running on port 35729
2025-05-13 17:27:53 [restartedMain] INFO  o.a.coyote.http11.Http11NioProtocol - Starting ProtocolHandler ["http-nio-8080"]
2025-05-13 17:27:53 [restartedMain] INFO  o.s.b.w.e.tomcat.TomcatWebServer - Tomcat started on port 8080 (http) with context path '/'
2025-05-13 17:27:53 [restartedMain] INFO  c.e.e.EmployeeAndDepartmentManagementApplication - Started EmployeeAndDepartmentManagementApplication in 5.572 seconds (process running for 6.344)
2025-05-13 17:28:03 [http-nio-8080-exec-2] INFO  o.a.c.c.C.[Tomcat].[localhost].[/] - Initializing Spring DispatcherServlet 'dispatcherServlet'
2025-05-13 17:28:03 [http-nio-8080-exec-2] INFO  o.s.web.servlet.DispatcherServlet - Initializing Servlet 'dispatcherServlet'
2025-05-13 17:28:03 [http-nio-8080-exec-2] INFO  o.s.web.servlet.DispatcherServlet - Completed initialization in 0 ms
2025-05-13 17:28:03 [http-nio-8080-exec-2] INFO  c.e.e.CustomFilter.Filter - request method: PATCH url:http://localhost:8080/company/employees/update/5 Time:2025-05-13
2025-05-13 17:28:48 [restartedMain] INFO  c.e.e.EmployeeAndDepartmentManagementApplication - Starting EmployeeAndDepartmentManagementApplication using Java 23.0.2 with PID 16844 (C:\Users\HP\Desktop\training\employee_and_department_management\target\classes started by HP in C:\Users\HP\Desktop\training\employee_and_department_management)
2025-05-13 17:28:48 [restartedMain] DEBUG c.e.e.EmployeeAndDepartmentManagementApplication - Running with Spring Boot v3.4.5, Spring v6.2.6
2025-05-13 17:28:48 [restartedMain] INFO  c.e.e.EmployeeAndDepartmentManagementApplication - The following 1 profile is active: "prod"
2025-05-13 17:28:50 [restartedMain] DEBUG c.e.e.CustomFilter.Filter - Filter 'filter' configured for use
2025-05-13 17:28:55 [restartedMain] INFO  c.e.e.EmployeeAndDepartmentManagementApplication - Started EmployeeAndDepartmentManagementApplication in 8.099 seconds (process running for 9.174)
2025-05-13 17:29:13 [http-nio-8081-exec-2] INFO  c.e.e.CustomFilter.Filter - request method: PATCH url:http://localhost:8081/company/employees/update/5 Time:2025-05-13
