2025-05-13 17:35:23 [restartedMain] INFO  c.e.e.EmployeeAndDepartmentManagementApplication - Starting EmployeeAndDepartmentManagementApplication using Java 23.0.2 with PID 16844 (C:\Users\HP\Desktop\training\employee_and_department_management\target\classes started by HP in C:\Users\HP\Desktop\training\employee_and_department_management)
2025-05-13 17:35:23 [restartedMain] DEBUG c.e.e.EmployeeAndDepartmentManagementApplication - Running with Spring Boot v3.4.5, Spring v6.2.6
2025-05-13 17:35:23 [restartedMain] INFO  c.e.e.EmployeeAndDepartmentManagementApplication - The following 1 profile is active: "prod"
2025-05-13 17:35:23 [restartedMain] DEBUG c.e.e.CustomFilter.Filter - Filter 'filter' configured for use
2025-05-13 17:35:24 [restartedMain] INFO  c.e.e.EmployeeAndDepartmentManagementApplication - Started EmployeeAndDepartmentManagementApplication in 1.813 seconds (process running for 398.051)
2025-05-13 17:35:47 [restartedMain] INFO  c.e.e.EmployeeAndDepartmentManagementApplication - Starting EmployeeAndDepartmentManagementApplication using Java 23.0.2 with PID 17704 (C:\Users\HP\Desktop\training\employee_and_department_management\target\classes started by HP in C:\Users\HP\Desktop\training\employee_and_department_management)
2025-05-13 17:35:47 [restartedMain] DEBUG c.e.e.EmployeeAndDepartmentManagementApplication - Running with Spring Boot v3.4.5, Spring v6.2.6
2025-05-13 17:35:47 [restartedMain] INFO  c.e.e.EmployeeAndDepartmentManagementApplication - The following 1 profile is active: "prod"
2025-05-13 17:35:50 [restartedMain] DEBUG c.e.e.CustomFilter.Filter - Filter 'filter' configured for use
2025-05-13 17:35:55 [restartedMain] INFO  c.e.e.EmployeeAndDepartmentManagementApplication - Started EmployeeAndDepartmentManagementApplication in 8.759 seconds (process running for 9.703)
2025-05-13 17:36:00 [http-nio-8081-exec-2] INFO  c.e.e.CustomFilter.Filter - request method: PATCH url:http://localhost:8081/company/employees/update/5 Time:2025-05-13
2025-05-13 17:39:06 [restartedMain] INFO  o.s.d.r.c.RepositoryConfigurationDelegate - Bootstrapping Spring Data JPA repositories in DEFAULT mode.
2025-05-13 17:39:06 [restartedMain] INFO  o.s.d.r.c.RepositoryConfigurationDelegate - Finished Spring Data repository scanning in 8 ms. Found 2 JPA repository interfaces.
2025-05-13 17:39:06 [restartedMain] INFO  o.s.b.w.e.tomcat.TomcatWebServer - Tomcat initialized with port 8081 (http)
2025-05-13 17:39:06 [restartedMain] INFO  o.a.coyote.http11.Http11NioProtocol - Initializing ProtocolHandler ["http-nio-8081"]
2025-05-13 17:39:06 [restartedMain] INFO  o.a.catalina.core.StandardService - Starting service [Tomcat]
2025-05-13 17:39:06 [restartedMain] INFO  o.a.catalina.core.StandardEngine - Starting Servlet engine: [Apache Tomcat/10.1.40]
2025-05-13 17:39:06 [restartedMain] INFO  o.a.c.c.C.[Tomcat].[localhost].[/] - Initializing Spring embedded WebApplicationContext
2025-05-13 17:39:06 [restartedMain] INFO  o.s.b.w.s.c.ServletWebServerApplicationContext - Root WebApplicationContext: initialization completed in 432 ms
2025-05-13 17:39:06 [restartedMain] INFO  com.zaxxer.hikari.HikariDataSource - HikariPool-2 - Starting...
2025-05-13 17:39:06 [restartedMain] INFO  com.zaxxer.hikari.pool.HikariPool - HikariPool-2 - Added connection conn10: url=jdbc:h2:mem:prod_db user=ADMIN
2025-05-13 17:39:06 [restartedMain] INFO  com.zaxxer.hikari.HikariDataSource - HikariPool-2 - Start completed.
2025-05-13 17:39:07 [restartedMain] INFO  o.h.jpa.internal.util.LogHelper - HHH000204: Processing PersistenceUnitInfo [name: default]
2025-05-13 17:39:07 [restartedMain] INFO  o.h.c.i.RegionFactoryInitiator - HHH000026: Second-level cache disabled
2025-05-13 17:39:07 [restartedMain] INFO  o.s.o.j.p.SpringPersistenceUnitInfo - No LoadTimeWeaver setup: ignoring JPA class transformer
2025-05-13 17:39:07 [restartedMain] WARN  org.hibernate.orm.deprecation - HHH90000025: H2Dialect does not need to be specified explicitly using 'hibernate.dialect' (remove the property setting and it will be selected by default)
2025-05-13 17:39:07 [restartedMain] INFO  o.hibernate.orm.connections.pooling - HHH10001005: Database info:
	Database JDBC URL [Connecting through datasource 'HikariDataSource (HikariPool-2)']
	Database driver: undefined/unknown
	Database version: 2.3.232
	Autocommit mode: undefined/unknown
	Isolation level: undefined/unknown
	Minimum pool size: undefined/unknown
	Maximum pool size: undefined/unknown
2025-05-13 17:39:07 [restartedMain] INFO  o.h.e.t.j.p.i.JtaPlatformInitiator - HHH000489: No JTA platform available (set 'hibernate.transaction.jta.platform' to enable JTA platform integration)
2025-05-13 17:39:07 [restartedMain] INFO  o.s.o.j.LocalContainerEntityManagerFactoryBean - Initialized JPA EntityManagerFactory for persistence unit 'default'
2025-05-13 17:39:07 [restartedMain] WARN  o.s.b.a.o.j.JpaBaseConfiguration$JpaWebConfiguration - spring.jpa.open-in-view is enabled by default. Therefore, database queries may be performed during view rendering. Explicitly configure spring.jpa.open-in-view to disable this warning
2025-05-13 17:39:07 [restartedMain] INFO  o.s.s.c.a.a.c.InitializeUserDetailsBeanManagerConfigurer$InitializeUserDetailsManagerConfigurer - Global AuthenticationManager configured with UserDetailsService bean with name userDetailsService
2025-05-13 17:39:07 [restartedMain] INFO  o.s.b.a.h.H2ConsoleAutoConfiguration - H2 console available at '/h2-console'. Database available at 'jdbc:h2:mem:prod_db'
2025-05-13 17:39:07 [restartedMain] INFO  o.s.b.d.a.OptionalLiveReloadServer - LiveReload server is running on port 35729
2025-05-13 17:39:07 [restartedMain] INFO  o.a.coyote.http11.Http11NioProtocol - Starting ProtocolHandler ["http-nio-8081"]
2025-05-13 17:39:07 [restartedMain] INFO  o.s.b.w.e.tomcat.TomcatWebServer - Tomcat started on port 8081 (http) with context path '/'
2025-05-13 17:39:07 [restartedMain] INFO  o.s.b.d.a.ConditionEvaluationDeltaLoggingListener - Condition evaluation unchanged
